<?xml version="1.0" encoding="UTF-8"?>
<testsuite xmlns:xsi="http://www.w3.org/2001/XMLSchema-instance" xsi:noNamespaceSchemaLocation="https://maven.apache.org/surefire/maven-surefire-plugin/xsd/surefire-test-report.xsd" version="3.0.2" name="com.example.crud_application.controller.ItemControllerTest" time="4.284" tests="5" errors="0" skipped="0" failures="0">
  <properties>
[...]
</properties>
  <testcase name="testGetItemById" classname="com.example.crud_application.controller.ItemControllerTest" time="0.798">
    <system-out><![CDATA[2025-01-06T18:24:14.110-08:00  INFO 29966 --- [crud-application] [           main] t.c.s.AnnotationConfigContextLoaderUtils : Could not detect default configuration classes for test class [com.example.crud_application.controller.ItemControllerTest]: ItemControllerTest does not declare any static, non-private, non-final, nested classes annotated with @Configuration.
2025-01-06T18:24:14.247-08:00  INFO 29966 --- [crud-application] [           main] .b.t.c.SpringBootTestContextBootstrapper : Found @SpringBootConfiguration com.example.crud_application.CrudApplication for test class com.example.crud_application.controller.ItemControllerTest

  .   ____          _            __ _ _
 /\\ / ___'_ __ _ _(_)_ __  __ _ \ \ \ \
( ( )\___ | '_ | '_| | '_ \/ _` | \ \ \ \
 \\/  ___)| |_)| | | | | || (_| |  ) ) ) )
  '  |____| .__|_| |_|_| |_\__, | / / / /
 =========|_|==============|___/=/_/_/_/

 :: Spring Boot ::                (v3.4.1)

2025-01-06T18:24:14.405-08:00  INFO 29966 --- [crud-application] [           main] c.e.c.controller.ItemControllerTest      : Starting ItemControllerTest using Java 23.0.1 with PID 29966 (started by vasista in /Users/vasista/Downloads/crud-application-1)
2025-01-06T18:24:14.405-08:00  INFO 29966 --- [crud-application] [           main] c.e.c.controller.ItemControllerTest      : No active profile set, falling back to 1 default profile: "default"
2025-01-06T18:24:17.282-08:00  INFO 29966 --- [crud-application] [           main] o.s.b.t.m.w.SpringBootMockServletContext : Initializing Spring TestDispatcherServlet ''
2025-01-06T18:24:17.283-08:00  INFO 29966 --- [crud-application] [           main] o.s.t.web.servlet.TestDispatcherServlet  : Initializing Servlet ''
2025-01-06T18:24:17.289-08:00  INFO 29966 --- [crud-application] [           main] o.s.t.web.servlet.TestDispatcherServlet  : Completed initialization in 5 ms
2025-01-06T18:24:17.334-08:00  INFO 29966 --- [crud-application] [           main] c.e.c.controller.ItemControllerTest      : Started ItemControllerTest in 3.059 seconds (process running for 19.266)
]]></system-out>
  </testcase>
  <testcase name="testGetAllItems" classname="com.example.crud_application.controller.ItemControllerTest" time="0.049"/>
  <testcase name="testUpdateItem" classname="com.example.crud_application.controller.ItemControllerTest" time="0.144"/>
  <testcase name="testCreateItem" classname="com.example.crud_application.controller.ItemControllerTest" time="0.013"/>
  <testcase name="testDeleteItem" classname="com.example.crud_application.controller.ItemControllerTest" time="0.018"/>
</testsuite>